<?xml version="1.0" encoding="UTF-8"?>
<!-- Generated by org.testng.reporters.JUnitReportReporter -->
<testsuite hostname="DESKTOP-R26LVLG" failures="0" tests="1" name="com.juaracodingrestasuredkuis.TestPostProducts" time="4.272" errors="0" timestamp="2022-08-24T22:34:35 ICT" skipped="0">
  <testcase classname="com.juaracodingrestasuredkuis.TestPostProducts" name="testPost" time="4.272"/>
  <system-out/>
</testsuite> <!-- com.juaracodingrestasuredkuis.TestPostProducts -->
