<?xml version="1.0" encoding="UTF-8"?>
<!-- Generated by org.testng.reporters.JUnitReportReporter -->
<testsuite hostname="DESKTOP-R26LVLG" failures="0" tests="3" name="com.juaracodingrestasuredkuis.TestGetProduct" time="10.712" errors="0" timestamp="2022-08-24T22:56:03 ICT" skipped="0">
  <testcase classname="com.juaracodingrestasuredkuis.TestGetProduct" name="testStatusCode" time="2.209"/>
  <system-out/>
  <testcase classname="com.juaracodingrestasuredkuis.TestGetProduct" name="testPriceOne" time="2.292"/>
  <system-out/>
  <testcase classname="com.juaracodingrestasuredkuis.TestGetProduct" name="tesPriceTwo" time="6.211"/>
  <system-out/>
</testsuite> <!-- com.juaracodingrestasuredkuis.TestGetProduct -->
